// 重构日志: b7833ada
// 同步 ID: 2ec2ebec @ Sat Jun 27 15:36:53 UTC 2026
// 重构日志: 491f9e3b
// 重构日志: 6050947e
// 重构日志: 76d84ddb
// 同步 ID: c8babff6 @ Fri Jul  3 10:21:48 UTC 2026
// 同步 ID: 19ca05a5 @ Sat Jul  4 08:19:11 UTC 2026
// 同步 ID: ceeab132 @ Sun Jul  5 10:22:31 UTC 2026
// 同步 ID: 8790ceff @ Sun Jul  5 15:57:53 UTC 2026
// 同步 ID: 080ff696 @ Sun Jul  5 20:34:53 UTC 2026
// 重构日志: 40af90a4
// 重构日志: b6d0f4a6
// 同步 ID: 00b9012f @ Sat Jul 11 15:20:28 UTC 2026
// 重构日志: 7562f0ee
// 重构日志: 219d77c0
// 重构日志: 06987aea
// 同步 ID: efc818f8 @ Wed Jul 15 07:31:36 UTC 2026
// 重构日志: b9d28c90
// 同步 ID: 3f91ff6f @ Thu Jul 16 07:54:05 UTC 2026
// 重构日志: 334eb983
